<html>
<head>
<title>TestNG:  Default test</title>
<link href="../testng.css" rel="stylesheet" type="text/css" />
<link href="../my-testng.css" rel="stylesheet" type="text/css" />

<style type="text/css">
.log { display: none;} 
.stack-trace { display: none;} 
</style>
<script type="text/javascript">
<!--
function flip(e) {
  current = e.style.display;
  if (current == 'block') {
    e.style.display = 'none';
    return 0;
  }
  else {
    e.style.display = 'block';
    return 1;
  }
}

function toggleBox(szDivId, elem, msg1, msg2)
{
  var res = -1;  if (document.getElementById) {
    res = flip(document.getElementById(szDivId));
  }
  else if (document.all) {
    // this is the way old msie versions work
    res = flip(document.all[szDivId]);
  }
  if(elem) {
    if(res == 0) elem.innerHTML = msg1; else elem.innerHTML = msg2;
  }

}

function toggleAllBoxes() {
  if (document.getElementsByTagName) {
    d = document.getElementsByTagName('div');
    for (i = 0; i < d.length; i++) {
      if (d[i].className == 'log') {
        flip(d[i]);
      }
    }
  }
}

// -->
</script>

</head>
<body>
<h2 align='center'>Default test</h2><table border='1' align="center">
<tr>
<td>Tests passed/Failed/Skipped:</td><td>24/2/0</td>
</tr><tr>
<td>Started on:</td><td>Mon Jun 10 22:33:01 PKT 2019</td>
</tr>
<tr><td>Total time:</td><td>444 seconds (444171 ms)</td>
</tr><tr>
<td>Included groups:</td><td></td>
</tr><tr>
<td>Excluded groups:</td><td></td>
</tr>
</table><p/>
<small><i>(Hover the method name to see the test class name)</i></small><p/>
<table width='100%' border='1' class='invocation-failed'>
<tr><td colspan='4' align='center'><b>FAILED TESTS</b></td></tr>
<tr><td><b>Test method</b></td>
<td width="30%"><b>Exception</b></td>
<td width="10%"><b>Time (seconds)</b></td>
<td><b>Instance</b></td>
</tr>
<tr>
<td title='smokeTest.ValidateSmokeTest.ValidateInvaliduser3Times()'><b>ValidateInvaliduser3Times</b><br>Test class: smokeTest.ValidateSmokeTest</td>
<td><div><pre>java.lang.AssertionError: Username field is not appearing on the Login Page expected [true] but found [false]
	at org.testng.Assert.fail(Assert.java:96)
	at org.testng.Assert.failNotEquals(Assert.java:776)
	at org.testng.Assert.assertEqualsImpl(Assert.java:137)
	at org.testng.Assert.assertEquals(Assert.java:118)
	at org.testng.Assert.assertEquals(Assert.java:568)
	at smokeTest.ValidateSmokeTest.ValidateInvaliduser3Times(ValidateSmokeTest.java:1539)
	at sun.reflect.NativeMethodAccessorImpl.invoke0(Native Method)
	at sun.reflect.NativeMethodAccessorImpl.invoke(Unknown Source)
	at sun.reflect.DelegatingMethodAccessorImpl.invoke(Unknown Source)
	at java.lang.reflect.Method.invoke(Unknown Source)
	at org.testng.internal.MethodInvocationHelper.invokeMethod(MethodInvocationHelper.java:124)
	at org.testng.internal.Invoker.invokeMethod(Invoker.java:571)
	at org.testng.internal.Invoker.invokeTestMethod(Invoker.java:707)
	at org.testng.internal.Invoker.invokeTestMethods(Invoker.java:979)
	at org.testng.internal.TestMethodWorker.invokeTestMethods(TestMethodWorker.java:125)
	at org.testng.internal.TestMethodWorker.run(TestMethodWorker.java:109)
	at org.testng.TestRunner.privateRun(TestRunner.java:648)
	at org.testng.TestRunner.run(TestRunner.java:505)
	at org.testng.SuiteRunner.runTest(SuiteRunner.java:455)
	at org.testng.SuiteRunner.runSequentially(SuiteRunner.java:450)
	at org.testng.SuiteRunner.privateRun(SuiteRunner.java:415)
	at org.testng.SuiteRunner.run(SuiteRunner.java:364)
	at org.testng.SuiteRunnerWorker.runSuite(SuiteRunnerWorker.java:52)
	at org.testng.SuiteRunnerWorker.run(SuiteRunnerWorker.java:84)
	at org.testng.TestNG.runSuitesSequentially(TestNG.java:1187)
	at org.testng.TestNG.runSuitesLocally(TestNG.java:1116)
	at org.testng.TestNG.runSuites(TestNG.java:1028)
	at org.testng.TestNG.run(TestNG.java:996)
	at org.testng.remote.AbstractRemoteTestNG.run(AbstractRemoteTestNG.java:114)
	at org.testng.remote.RemoteTestNG.initAndRun(RemoteTestNG.java:251)
	at org.testng.remote.RemoteTestNG.main(RemoteTestNG.java:77)
</pre></div><a href='#' onClick='toggleBox("stack-trace811207775", this, "Click to show all stack frames", "Click to hide stack frames")'>Click to show all stack frames</a>
<div class='stack-trace' id='stack-trace811207775'><pre>java.lang.AssertionError: Username field is not appearing on the Login Page expected [true] but found [false]
	at org.testng.Assert.fail(Assert.java:96)
	at org.testng.Assert.failNotEquals(Assert.java:776)
	at org.testng.Assert.assertEqualsImpl(Assert.java:137)
	at org.testng.Assert.assertEquals(Assert.java:118)
	at org.testng.Assert.assertEquals(Assert.java:568)
	at smokeTest.ValidateSmokeTest.ValidateInvaliduser3Times(ValidateSmokeTest.java:1539)
	at sun.reflect.NativeMethodAccessorImpl.invoke0(Native Method)
	at sun.reflect.NativeMethodAccessorImpl.invoke(Unknown Source)
	at sun.reflect.DelegatingMethodAccessorImpl.invoke(Unknown Source)
	at java.lang.reflect.Method.invoke(Unknown Source)
	at org.testng.internal.MethodInvocationHelper.invokeMethod(MethodInvocationHelper.java:124)
	at org.testng.internal.Invoker.invokeMethod(Invoker.java:571)
	at org.testng.internal.Invoker.invokeTestMethod(Invoker.java:707)
	at org.testng.internal.Invoker.invokeTestMethods(Invoker.java:979)
	at org.testng.internal.TestMethodWorker.invokeTestMethods(TestMethodWorker.java:125)
	at org.testng.internal.TestMethodWorker.run(TestMethodWorker.java:109)
	at org.testng.TestRunner.privateRun(TestRunner.java:648)
	at org.testng.TestRunner.run(TestRunner.java:505)
	at org.testng.SuiteRunner.runTest(SuiteRunner.java:455)
	at org.testng.SuiteRunner.runSequentially(SuiteRunner.java:450)
	at org.testng.SuiteRunner.privateRun(SuiteRunner.java:415)
	at org.testng.SuiteRunner.run(SuiteRunner.java:364)
	at org.testng.SuiteRunnerWorker.runSuite(SuiteRunnerWorker.java:52)
	at org.testng.SuiteRunnerWorker.run(SuiteRunnerWorker.java:84)
	at org.testng.TestNG.runSuitesSequentially(TestNG.java:1187)
	at org.testng.TestNG.runSuitesLocally(TestNG.java:1116)
	at org.testng.TestNG.runSuites(TestNG.java:1028)
	at org.testng.TestNG.run(TestNG.java:996)
	at org.testng.remote.AbstractRemoteTestNG.run(AbstractRemoteTestNG.java:114)
	at org.testng.remote.RemoteTestNG.initAndRun(RemoteTestNG.java:251)
	at org.testng.remote.RemoteTestNG.main(RemoteTestNG.java:77)
</pre></div></td>
<td>5</td>
<td>smokeTest.ValidateSmokeTest@4b5a5ed1</td></tr>
<tr>
<td title='smokeTest.ValidateSmokeTest.ValidateLockedUser()'><b>ValidateLockedUser</b><br>Test class: smokeTest.ValidateSmokeTest</td>
<td><div><pre>org.openqa.selenium.NoSuchElementException: no such element: Unable to locate element: {&quot;method&quot;:&quot;xpath&quot;,&quot;selector&quot;:&quot;//div[@class=&apos;alert alert-danger ccp-alert-danger&apos;]&quot;}
  (Session info: chrome=74.0.3729.169)
  (Driver info: chromedriver=2.36.540470 (e522d04694c7ebea4ba8821272dbef4f9b818c91),platform=Windows NT 10.0.17134 x86_64) (WARNING: The server did not provide any stacktrace information)
Command duration or timeout: 0 milliseconds
For documentation on this error, please visit: http://seleniumhq.org/exceptions/no_such_element.html
Build info: version: &apos;3.8.1&apos;, revision: &apos;6e95a6684b&apos;, time: &apos;2017-12-01T18:33:54.468Z&apos;
System info: host: &apos;DESKTOP-B75F35K&apos;, ip: &apos;192.168.14.216&apos;, os.name: &apos;Windows 10&apos;, os.arch: &apos;amd64&apos;, os.version: &apos;10.0&apos;, java.version: &apos;1.8.0_171&apos;
Driver info: org.openqa.selenium.chrome.ChromeDriver
Capabilities {acceptInsecureCerts: false, acceptSslCerts: false, applicationCacheEnabled: false, browserConnectionEnabled: false, browserName: chrome, chrome: {chromedriverVersion: 2.36.540470 (e522d04694c7eb..., userDataDir: C:\Users\bilaw\AppData\Loca...}, cssSelectorsEnabled: true, databaseEnabled: false, handlesAlerts: true, hasTouchScreen: false, javascriptEnabled: true, locationContextEnabled: true, mobileEmulationEnabled: false, nativeEvents: true, networkConnectionEnabled: false, pageLoadStrategy: normal, platform: XP, platformName: XP, rotatable: false, setWindowRect: true, takesHeapSnapshot: true, takesScreenshot: true, unexpectedAlertBehaviour: , unhandledPromptBehavior: , version: 74.0.3729.169, webStorageEnabled: true}
Session ID: e8990af0517455da8d9158054619bbed
*** Element info: {Using=xpath, value=//div[@class=&apos;alert alert-danger ccp-alert-danger&apos;]}
	at sun.reflect.NativeConstructorAccessorImpl.newInstance0(Native Method)
	at sun.reflect.NativeConstructorAccessorImpl.newInstance(Unknown Source)
	at sun.reflect.DelegatingConstructorAccessorImpl.newInstance(Unknown Source)
	at java.lang.reflect.Constructor.newInstance(Unknown Source)
	at org.openqa.selenium.remote.ErrorHandler.createThrowable(ErrorHandler.java:214)
	at org.openqa.selenium.remote.ErrorHandler.throwIfResponseFailed(ErrorHandler.java:166)
	at org.openqa.selenium.remote.http.JsonHttpResponseCodec.reconstructValue(JsonHttpResponseCodec.java:40)
	at org.openqa.selenium.remote.http.AbstractHttpResponseCodec.decode(AbstractHttpResponseCodec.java:80)
	at org.openqa.selenium.remote.http.AbstractHttpResponseCodec.decode(AbstractHttpResponseCodec.java:44)
	at org.openqa.selenium.remote.HttpCommandExecutor.execute(HttpCommandExecutor.java:164)
	at org.openqa.selenium.remote.service.DriverCommandExecutor.execute(DriverCommandExecutor.java:83)
	at org.openqa.selenium.remote.RemoteWebDriver.execute(RemoteWebDriver.java:601)
	at org.openqa.selenium.remote.RemoteWebDriver.findElement(RemoteWebDriver.java:371)
	at org.openqa.selenium.remote.RemoteWebDriver.findElementByXPath(RemoteWebDriver.java:473)
	at org.openqa.selenium.By$ByXPath.findElement(By.java:361)
	at org.openqa.selenium.remote.RemoteWebDriver.findElement(RemoteWebDriver.java:363)
	at pageObjects.LoginPage.getIncorrect_Credentials(LoginPage.java:57)
	at smokeTest.ValidateSmokeTest.ValidateLockedUser(ValidateSmokeTest.java:1599)
	at sun.reflect.NativeMethodAccessorImpl.invoke0(Native Method)
	at sun.reflect.NativeMethodAccessorImpl.invoke(Unknown Source)
	at sun.reflect.DelegatingMethodAccessorImpl.invoke(Unknown Source)
	at java.lang.reflect.Method.invoke(Unknown Source)
	at org.testng.internal.MethodInvocationHelper.invokeMethod(MethodInvocationHelper.java:124)
	at org.testng.internal.Invoker.invokeMethod(Invoker.java:571)
	at org.testng.internal.Invoker.invokeTestMethod(Invoker.java:707)
	at org.testng.internal.Invoker.invokeTestMethods(Invoker.java:979)
	at org.testng.internal.TestMethodWorker.invokeTestMethods(TestMethodWorker.java:125)
	at org.testng.internal.TestMethodWorker.run(TestMethodWorker.java:109)
	at org.testng.TestRunner.privateRun(TestRunner.java:648)
	at org.testng.TestRunner.run(TestRunner.java:505)
	at org.testng.SuiteRunner.runTest(SuiteRunner.java:455)
	at org.testng.SuiteRunner.runSequentially(SuiteRunner.java:450)
	at org.testng.SuiteRunner.privateRun(SuiteRunner.java:415)
	at org.testng.SuiteRunner.run(SuiteRunner.java:364)
	at org.testng.SuiteRunnerWorker.runSuite(SuiteRunnerWorker.java:52)
	at org.testng.SuiteRunnerWorker.run(SuiteRunnerWorker.java:84)
	at org.testng.TestNG.runSuitesSequentially(TestNG.java:1187)
	at org.testng.TestNG.runSuitesLocally(TestNG.java:1116)
	at org.testng.TestNG.runSuites(TestNG.java:1028)
	at org.testng.TestNG.run(TestNG.java:996)
	at org.testng.remote.AbstractRemoteTestNG.run(AbstractRemoteTestNG.java:114)
	at org.testng.remote.RemoteTestNG.initAndRun(RemoteTestNG.java:251)
	at org.testng.remote.RemoteTestNG.main(RemoteTestNG.java:77)
</pre></div><a href='#' onClick='toggleBox("stack-trace1305004711", this, "Click to show all stack frames", "Click to hide stack frames")'>Click to show all stack frames</a>
<div class='stack-trace' id='stack-trace1305004711'><pre>org.openqa.selenium.NoSuchElementException: no such element: Unable to locate element: {&quot;method&quot;:&quot;xpath&quot;,&quot;selector&quot;:&quot;//div[@class=&apos;alert alert-danger ccp-alert-danger&apos;]&quot;}
  (Session info: chrome=74.0.3729.169)
  (Driver info: chromedriver=2.36.540470 (e522d04694c7ebea4ba8821272dbef4f9b818c91),platform=Windows NT 10.0.17134 x86_64) (WARNING: The server did not provide any stacktrace information)
Command duration or timeout: 0 milliseconds
For documentation on this error, please visit: http://seleniumhq.org/exceptions/no_such_element.html
Build info: version: &apos;3.8.1&apos;, revision: &apos;6e95a6684b&apos;, time: &apos;2017-12-01T18:33:54.468Z&apos;
System info: host: &apos;DESKTOP-B75F35K&apos;, ip: &apos;192.168.14.216&apos;, os.name: &apos;Windows 10&apos;, os.arch: &apos;amd64&apos;, os.version: &apos;10.0&apos;, java.version: &apos;1.8.0_171&apos;
Driver info: org.openqa.selenium.chrome.ChromeDriver
Capabilities {acceptInsecureCerts: false, acceptSslCerts: false, applicationCacheEnabled: false, browserConnectionEnabled: false, browserName: chrome, chrome: {chromedriverVersion: 2.36.540470 (e522d04694c7eb..., userDataDir: C:\Users\bilaw\AppData\Loca...}, cssSelectorsEnabled: true, databaseEnabled: false, handlesAlerts: true, hasTouchScreen: false, javascriptEnabled: true, locationContextEnabled: true, mobileEmulationEnabled: false, nativeEvents: true, networkConnectionEnabled: false, pageLoadStrategy: normal, platform: XP, platformName: XP, rotatable: false, setWindowRect: true, takesHeapSnapshot: true, takesScreenshot: true, unexpectedAlertBehaviour: , unhandledPromptBehavior: , version: 74.0.3729.169, webStorageEnabled: true}
Session ID: e8990af0517455da8d9158054619bbed
*** Element info: {Using=xpath, value=//div[@class=&apos;alert alert-danger ccp-alert-danger&apos;]}
	at sun.reflect.NativeConstructorAccessorImpl.newInstance0(Native Method)
	at sun.reflect.NativeConstructorAccessorImpl.newInstance(Unknown Source)
	at sun.reflect.DelegatingConstructorAccessorImpl.newInstance(Unknown Source)
	at java.lang.reflect.Constructor.newInstance(Unknown Source)
	at org.openqa.selenium.remote.ErrorHandler.createThrowable(ErrorHandler.java:214)
	at org.openqa.selenium.remote.ErrorHandler.throwIfResponseFailed(ErrorHandler.java:166)
	at org.openqa.selenium.remote.http.JsonHttpResponseCodec.reconstructValue(JsonHttpResponseCodec.java:40)
	at org.openqa.selenium.remote.http.AbstractHttpResponseCodec.decode(AbstractHttpResponseCodec.java:80)
	at org.openqa.selenium.remote.http.AbstractHttpResponseCodec.decode(AbstractHttpResponseCodec.java:44)
	at org.openqa.selenium.remote.HttpCommandExecutor.execute(HttpCommandExecutor.java:164)
	at org.openqa.selenium.remote.service.DriverCommandExecutor.execute(DriverCommandExecutor.java:83)
	at org.openqa.selenium.remote.RemoteWebDriver.execute(RemoteWebDriver.java:601)
	at org.openqa.selenium.remote.RemoteWebDriver.findElement(RemoteWebDriver.java:371)
	at org.openqa.selenium.remote.RemoteWebDriver.findElementByXPath(RemoteWebDriver.java:473)
	at org.openqa.selenium.By$ByXPath.findElement(By.java:361)
	at org.openqa.selenium.remote.RemoteWebDriver.findElement(RemoteWebDriver.java:363)
	at pageObjects.LoginPage.getIncorrect_Credentials(LoginPage.java:57)
	at smokeTest.ValidateSmokeTest.ValidateLockedUser(ValidateSmokeTest.java:1599)
	at sun.reflect.NativeMethodAccessorImpl.invoke0(Native Method)
	at sun.reflect.NativeMethodAccessorImpl.invoke(Unknown Source)
	at sun.reflect.DelegatingMethodAccessorImpl.invoke(Unknown Source)
	at java.lang.reflect.Method.invoke(Unknown Source)
	at org.testng.internal.MethodInvocationHelper.invokeMethod(MethodInvocationHelper.java:124)
	at org.testng.internal.Invoker.invokeMethod(Invoker.java:571)
	at org.testng.internal.Invoker.invokeTestMethod(Invoker.java:707)
	at org.testng.internal.Invoker.invokeTestMethods(Invoker.java:979)
	at org.testng.internal.TestMethodWorker.invokeTestMethods(TestMethodWorker.java:125)
	at org.testng.internal.TestMethodWorker.run(TestMethodWorker.java:109)
	at org.testng.TestRunner.privateRun(TestRunner.java:648)
	at org.testng.TestRunner.run(TestRunner.java:505)
	at org.testng.SuiteRunner.runTest(SuiteRunner.java:455)
	at org.testng.SuiteRunner.runSequentially(SuiteRunner.java:450)
	at org.testng.SuiteRunner.privateRun(SuiteRunner.java:415)
	at org.testng.SuiteRunner.run(SuiteRunner.java:364)
	at org.testng.SuiteRunnerWorker.runSuite(SuiteRunnerWorker.java:52)
	at org.testng.SuiteRunnerWorker.run(SuiteRunnerWorker.java:84)
	at org.testng.TestNG.runSuitesSequentially(TestNG.java:1187)
	at org.testng.TestNG.runSuitesLocally(TestNG.java:1116)
	at org.testng.TestNG.runSuites(TestNG.java:1028)
	at org.testng.TestNG.run(TestNG.java:996)
	at org.testng.remote.AbstractRemoteTestNG.run(AbstractRemoteTestNG.java:114)
	at org.testng.remote.RemoteTestNG.initAndRun(RemoteTestNG.java:251)
	at org.testng.remote.RemoteTestNG.main(RemoteTestNG.java:77)
</pre></div></td>
<td>40</td>
<td>smokeTest.ValidateSmokeTest@4b5a5ed1</td></tr>
</table><p>
<table width='100%' border='1' class='invocation-passed'>
<tr><td colspan='4' align='center'><b>PASSED TESTS</b></td></tr>
<tr><td><b>Test method</b></td>
<td width="30%"><b>Exception</b></td>
<td width="10%"><b>Time (seconds)</b></td>
<td><b>Instance</b></td>
</tr>
<tr>
<td title='smokeTest.ValidateSmokeTest.ValidateAddressofUse()'><b>ValidateAddressofUse</b><br>Test class: smokeTest.ValidateSmokeTest</td>
<td></td>
<td>17</td>
<td>smokeTest.ValidateSmokeTest@4b5a5ed1</td></tr>
<tr>
<td title='smokeTest.ValidateSmokeTest.ValidateApplicationsLink()'><b>ValidateApplicationsLink</b><br>Test class: smokeTest.ValidateSmokeTest</td>
<td></td>
<td>12</td>
<td>smokeTest.ValidateSmokeTest@4b5a5ed1</td></tr>
<tr>
<td title='smokeTest.ValidateSmokeTest.ValidateCatalogRestrictions()'><b>ValidateCatalogRestrictions</b><br>Test class: smokeTest.ValidateSmokeTest</td>
<td></td>
<td>36</td>
<td>smokeTest.ValidateSmokeTest@4b5a5ed1</td></tr>
<tr>
<td title='smokeTest.ValidateSmokeTest.ValidateChangePassword()'><b>ValidateChangePassword</b><br>Test class: smokeTest.ValidateSmokeTest</td>
<td></td>
<td>31</td>
<td>smokeTest.ValidateSmokeTest@4b5a5ed1</td></tr>
<tr>
<td title='smokeTest.ValidateSmokeTest.ValidateConsultingLink()'><b>ValidateConsultingLink</b><br>Test class: smokeTest.ValidateSmokeTest</td>
<td></td>
<td>6</td>
<td>smokeTest.ValidateSmokeTest@4b5a5ed1</td></tr>
<tr>
<td title='smokeTest.ValidateSmokeTest.ValidateDiscover()'><b>ValidateDiscover</b><br>Test class: smokeTest.ValidateSmokeTest</td>
<td></td>
<td>9</td>
<td>smokeTest.ValidateSmokeTest@4b5a5ed1</td></tr>
<tr>
<td title='smokeTest.ValidateSmokeTest.ValidateEditProfile()'><b>ValidateEditProfile</b><br>Test class: smokeTest.ValidateSmokeTest</td>
<td></td>
<td>23</td>
<td>smokeTest.ValidateSmokeTest@4b5a5ed1</td></tr>
<tr>
<td title='smokeTest.ValidateSmokeTest.ValidateForgetPassword()'><b>ValidateForgetPassword</b><br>Test class: smokeTest.ValidateSmokeTest</td>
<td></td>
<td>25</td>
<td>smokeTest.ValidateSmokeTest@4b5a5ed1</td></tr>
<tr>
<td title='smokeTest.ValidateSmokeTest.ValidateHomePage()'><b>ValidateHomePage</b><br>Test class: smokeTest.ValidateSmokeTest</td>
<td></td>
<td>9</td>
<td>smokeTest.ValidateSmokeTest@4b5a5ed1</td></tr>
<tr>
<td title='smokeTest.ValidateSmokeTest.ValidateInfrastructureLink()'><b>ValidateInfrastructureLink</b><br>Test class: smokeTest.ValidateSmokeTest</td>
<td></td>
<td>7</td>
<td>smokeTest.ValidateSmokeTest@4b5a5ed1</td></tr>
<tr>
<td title='smokeTest.ValidateSmokeTest.ValidateInvalidPassword()'><b>ValidateInvalidPassword</b><br>Test class: smokeTest.ValidateSmokeTest</td>
<td></td>
<td>6</td>
<td>smokeTest.ValidateSmokeTest@4b5a5ed1</td></tr>
<tr>
<td title='smokeTest.ValidateSmokeTest.ValidateInviteEmail()'><b>ValidateInviteEmail</b><br>Test class: smokeTest.ValidateSmokeTest</td>
<td></td>
<td>51</td>
<td>smokeTest.ValidateSmokeTest@4b5a5ed1</td></tr>
<tr>
<td title='smokeTest.ValidateSmokeTest.ValidateLogOut()'><b>ValidateLogOut</b><br>Test class: smokeTest.ValidateSmokeTest</td>
<td></td>
<td>1</td>
<td>smokeTest.ValidateSmokeTest@4b5a5ed1</td></tr>
<tr>
<td title='smokeTest.ValidateSmokeTest.ValidateLogin()'><b>ValidateLogin</b><br>Test class: smokeTest.ValidateSmokeTest</td>
<td></td>
<td>36</td>
<td>smokeTest.ValidateSmokeTest@4b5a5ed1</td></tr>
<tr>
<td title='smokeTest.ValidateSmokeTest.ValidateManageDomain()'><b>ValidateManageDomain</b><br>Test class: smokeTest.ValidateSmokeTest</td>
<td></td>
<td>10</td>
<td>smokeTest.ValidateSmokeTest@4b5a5ed1</td></tr>
<tr>
<td title='smokeTest.ValidateSmokeTest.ValidateNotificationPage()'><b>ValidateNotificationPage</b><br>Test class: smokeTest.ValidateSmokeTest</td>
<td></td>
<td>6</td>
<td>smokeTest.ValidateSmokeTest@4b5a5ed1</td></tr>
<tr>
<td title='smokeTest.ValidateSmokeTest.ValidatePaymentMethod()'><b>ValidatePaymentMethod</b><br>Test class: smokeTest.ValidateSmokeTest</td>
<td></td>
<td>11</td>
<td>smokeTest.ValidateSmokeTest@4b5a5ed1</td></tr>
<tr>
<td title='smokeTest.ValidateSmokeTest.ValidatePlatformLink()'><b>ValidatePlatformLink</b><br>Test class: smokeTest.ValidateSmokeTest</td>
<td></td>
<td>7</td>
<td>smokeTest.ValidateSmokeTest@4b5a5ed1</td></tr>
<tr>
<td title='smokeTest.ValidateSmokeTest.ValidateProcurementCheckout()'><b>ValidateProcurementCheckout</b><br>Test class: smokeTest.ValidateSmokeTest</td>
<td></td>
<td>7</td>
<td>smokeTest.ValidateSmokeTest@4b5a5ed1</td></tr>
<tr>
<td title='smokeTest.ValidateSmokeTest.ValidateProcurementOrder()'><b>ValidateProcurementOrder</b><br>Test class: smokeTest.ValidateSmokeTest</td>
<td></td>
<td>18</td>
<td>smokeTest.ValidateSmokeTest@4b5a5ed1</td></tr>
<tr>
<td title='smokeTest.ValidateSmokeTest.ValidateSearchUser()'><b>ValidateSearchUser</b><br>Test class: smokeTest.ValidateSmokeTest</td>
<td></td>
<td>11</td>
<td>smokeTest.ValidateSmokeTest@4b5a5ed1</td></tr>
<tr>
<td title='smokeTest.ValidateSmokeTest.ValidateSearching()'><b>ValidateSearching</b><br>Test class: smokeTest.ValidateSmokeTest</td>
<td></td>
<td>7</td>
<td>smokeTest.ValidateSmokeTest@4b5a5ed1</td></tr>
<tr>
<td title='smokeTest.ValidateSmokeTest.ValidateServicesGetBtn()'><b>ValidateServicesGetBtn</b><br>Test class: smokeTest.ValidateSmokeTest</td>
<td></td>
<td>6</td>
<td>smokeTest.ValidateSmokeTest@4b5a5ed1</td></tr>
<tr>
<td title='smokeTest.ValidateSmokeTest.ValidateUpload_Logo()'><b>ValidateUpload_Logo</b><br>Test class: smokeTest.ValidateSmokeTest</td>
<td></td>
<td>34</td>
<td>smokeTest.ValidateSmokeTest@4b5a5ed1</td></tr>
</table><p>
</body>
</html>