<?xml version="1.0" encoding="UTF-8"?>
<testng-results skipped="0" failed="2" ignored="0" total="26" passed="24">
  <reporter-output>
  </reporter-output>
  <suite name="Default suite" duration-ms="444171" started-at="2019-06-10T17:33:01Z" finished-at="2019-06-10T17:40:25Z">
    <groups>
    </groups>
    <test name="Default test" duration-ms="444171" started-at="2019-06-10T17:33:01Z" finished-at="2019-06-10T17:40:25Z">
      <class name="smokeTest.ValidateSmokeTest">
        <test-method status="PASS" signature="ValidateLogin()[pri:0, instance:smokeTest.ValidateSmokeTest@4b5a5ed1]" name="ValidateLogin" duration-ms="36957" started-at="2019-06-10T22:33:01Z" finished-at="2019-06-10T22:33:38Z">
          <reporter-output>
          </reporter-output>
        </test-method> <!-- ValidateLogin -->
        <test-method status="PASS" signature="ValidateHomePage()[pri:1, instance:smokeTest.ValidateSmokeTest@4b5a5ed1]" name="ValidateHomePage" duration-ms="9002" started-at="2019-06-10T22:33:38Z" depends-on-methods="smokeTest.ValidateSmokeTest.ValidateLogin" finished-at="2019-06-10T22:33:47Z">
          <reporter-output>
          </reporter-output>
        </test-method> <!-- ValidateHomePage -->
        <test-method status="PASS" signature="ValidateServicesGetBtn()[pri:2, instance:smokeTest.ValidateSmokeTest@4b5a5ed1]" name="ValidateServicesGetBtn" duration-ms="6924" started-at="2019-06-10T22:33:47Z" depends-on-methods="smokeTest.ValidateSmokeTest.ValidateLogin" finished-at="2019-06-10T22:33:54Z">
          <reporter-output>
          </reporter-output>
        </test-method> <!-- ValidateServicesGetBtn -->
        <test-method status="PASS" signature="ValidateProcurementCheckout()[pri:3, instance:smokeTest.ValidateSmokeTest@4b5a5ed1]" name="ValidateProcurementCheckout" duration-ms="7839" started-at="2019-06-10T22:33:54Z" depends-on-methods="smokeTest.ValidateSmokeTest.ValidateLogin" finished-at="2019-06-10T22:34:01Z">
          <reporter-output>
          </reporter-output>
        </test-method> <!-- ValidateProcurementCheckout -->
        <test-method status="PASS" signature="ValidateProcurementOrder()[pri:4, instance:smokeTest.ValidateSmokeTest@4b5a5ed1]" name="ValidateProcurementOrder" duration-ms="18558" started-at="2019-06-10T22:34:01Z" depends-on-methods="smokeTest.ValidateSmokeTest.ValidateLogin" finished-at="2019-06-10T22:34:20Z">
          <reporter-output>
          </reporter-output>
        </test-method> <!-- ValidateProcurementOrder -->
        <test-method status="PASS" signature="ValidateNotificationPage()[pri:5, instance:smokeTest.ValidateSmokeTest@4b5a5ed1]" name="ValidateNotificationPage" duration-ms="6434" started-at="2019-06-10T22:34:20Z" depends-on-methods="smokeTest.ValidateSmokeTest.ValidateLogin" finished-at="2019-06-10T22:34:26Z">
          <reporter-output>
          </reporter-output>
        </test-method> <!-- ValidateNotificationPage -->
        <test-method status="PASS" signature="ValidateInviteEmail()[pri:6, instance:smokeTest.ValidateSmokeTest@4b5a5ed1]" name="ValidateInviteEmail" duration-ms="51387" started-at="2019-06-10T22:34:26Z" depends-on-methods="smokeTest.ValidateSmokeTest.ValidateLogin" finished-at="2019-06-10T22:35:18Z">
          <reporter-output>
          </reporter-output>
        </test-method> <!-- ValidateInviteEmail -->
        <test-method status="PASS" signature="ValidateSearchUser()[pri:7, instance:smokeTest.ValidateSmokeTest@4b5a5ed1]" name="ValidateSearchUser" duration-ms="11044" started-at="2019-06-10T22:35:18Z" depends-on-methods="smokeTest.ValidateSmokeTest.ValidateLogin" finished-at="2019-06-10T22:35:29Z">
          <reporter-output>
          </reporter-output>
        </test-method> <!-- ValidateSearchUser -->
        <test-method status="PASS" signature="ValidateManageDomain()[pri:8, instance:smokeTest.ValidateSmokeTest@4b5a5ed1]" name="ValidateManageDomain" duration-ms="10903" started-at="2019-06-10T22:35:29Z" depends-on-methods="smokeTest.ValidateSmokeTest.ValidateLogin" finished-at="2019-06-10T22:35:40Z">
          <reporter-output>
          </reporter-output>
        </test-method> <!-- ValidateManageDomain -->
        <test-method status="PASS" signature="ValidateEditProfile()[pri:9, instance:smokeTest.ValidateSmokeTest@4b5a5ed1]" name="ValidateEditProfile" duration-ms="23659" started-at="2019-06-10T22:35:40Z" depends-on-methods="smokeTest.ValidateSmokeTest.ValidateLogin" finished-at="2019-06-10T22:36:03Z">
          <reporter-output>
          </reporter-output>
        </test-method> <!-- ValidateEditProfile -->
        <test-method status="PASS" signature="ValidateUpload_Logo()[pri:10, instance:smokeTest.ValidateSmokeTest@4b5a5ed1]" name="ValidateUpload_Logo" duration-ms="34283" started-at="2019-06-10T22:36:03Z" depends-on-methods="smokeTest.ValidateSmokeTest.ValidateLogin" finished-at="2019-06-10T22:36:38Z">
          <reporter-output>
          </reporter-output>
        </test-method> <!-- ValidateUpload_Logo -->
        <test-method status="PASS" signature="ValidateAddressofUse()[pri:11, instance:smokeTest.ValidateSmokeTest@4b5a5ed1]" name="ValidateAddressofUse" duration-ms="17620" started-at="2019-06-10T22:36:38Z" depends-on-methods="smokeTest.ValidateSmokeTest.ValidateLogin" finished-at="2019-06-10T22:36:55Z">
          <reporter-output>
          </reporter-output>
        </test-method> <!-- ValidateAddressofUse -->
        <test-method status="PASS" signature="ValidateCatalogRestrictions()[pri:12, instance:smokeTest.ValidateSmokeTest@4b5a5ed1]" name="ValidateCatalogRestrictions" duration-ms="36720" started-at="2019-06-10T22:36:55Z" depends-on-methods="smokeTest.ValidateSmokeTest.ValidateLogin" finished-at="2019-06-10T22:37:32Z">
          <reporter-output>
          </reporter-output>
        </test-method> <!-- ValidateCatalogRestrictions -->
        <test-method status="PASS" signature="ValidateChangePassword()[pri:13, instance:smokeTest.ValidateSmokeTest@4b5a5ed1]" name="ValidateChangePassword" duration-ms="31075" started-at="2019-06-10T22:37:32Z" depends-on-methods="smokeTest.ValidateSmokeTest.ValidateLogin" finished-at="2019-06-10T22:38:03Z">
          <reporter-output>
          </reporter-output>
        </test-method> <!-- ValidateChangePassword -->
        <test-method status="PASS" signature="ValidatePaymentMethod()[pri:14, instance:smokeTest.ValidateSmokeTest@4b5a5ed1]" name="ValidatePaymentMethod" duration-ms="11102" started-at="2019-06-10T22:38:03Z" depends-on-methods="smokeTest.ValidateSmokeTest.ValidateLogin" finished-at="2019-06-10T22:38:14Z">
          <reporter-output>
          </reporter-output>
        </test-method> <!-- ValidatePaymentMethod -->
        <test-method status="PASS" signature="ValidateDiscover()[pri:15, instance:smokeTest.ValidateSmokeTest@4b5a5ed1]" name="ValidateDiscover" duration-ms="9949" started-at="2019-06-10T22:38:14Z" depends-on-methods="smokeTest.ValidateSmokeTest.ValidateLogin" finished-at="2019-06-10T22:38:24Z">
          <reporter-output>
          </reporter-output>
        </test-method> <!-- ValidateDiscover -->
        <test-method status="PASS" signature="ValidateApplicationsLink()[pri:16, instance:smokeTest.ValidateSmokeTest@4b5a5ed1]" name="ValidateApplicationsLink" duration-ms="12803" started-at="2019-06-10T22:38:24Z" depends-on-methods="smokeTest.ValidateSmokeTest.ValidateLogin" finished-at="2019-06-10T22:38:37Z">
          <reporter-output>
          </reporter-output>
        </test-method> <!-- ValidateApplicationsLink -->
        <test-method status="PASS" signature="ValidateInfrastructureLink()[pri:17, instance:smokeTest.ValidateSmokeTest@4b5a5ed1]" name="ValidateInfrastructureLink" duration-ms="7480" started-at="2019-06-10T22:38:37Z" depends-on-methods="smokeTest.ValidateSmokeTest.ValidateLogin" finished-at="2019-06-10T22:38:45Z">
          <reporter-output>
          </reporter-output>
        </test-method> <!-- ValidateInfrastructureLink -->
        <test-method status="PASS" signature="ValidatePlatformLink()[pri:18, instance:smokeTest.ValidateSmokeTest@4b5a5ed1]" name="ValidatePlatformLink" duration-ms="7335" started-at="2019-06-10T22:38:45Z" depends-on-methods="smokeTest.ValidateSmokeTest.ValidateLogin" finished-at="2019-06-10T22:38:52Z">
          <reporter-output>
          </reporter-output>
        </test-method> <!-- ValidatePlatformLink -->
        <test-method status="PASS" signature="ValidateConsultingLink()[pri:19, instance:smokeTest.ValidateSmokeTest@4b5a5ed1]" name="ValidateConsultingLink" duration-ms="6754" started-at="2019-06-10T22:38:52Z" depends-on-methods="smokeTest.ValidateSmokeTest.ValidateLogin" finished-at="2019-06-10T22:38:59Z">
          <reporter-output>
          </reporter-output>
        </test-method> <!-- ValidateConsultingLink -->
        <test-method status="PASS" signature="ValidateSearching()[pri:20, instance:smokeTest.ValidateSmokeTest@4b5a5ed1]" name="ValidateSearching" duration-ms="7931" started-at="2019-06-10T22:38:59Z" depends-on-methods="smokeTest.ValidateSmokeTest.ValidateLogin" finished-at="2019-06-10T22:39:07Z">
          <reporter-output>
          </reporter-output>
        </test-method> <!-- ValidateSearching -->
        <test-method status="PASS" signature="ValidateLogOut()[pri:21, instance:smokeTest.ValidateSmokeTest@4b5a5ed1]" name="ValidateLogOut" duration-ms="1100" started-at="2019-06-10T22:39:07Z" depends-on-methods="smokeTest.ValidateSmokeTest.ValidateLogin" finished-at="2019-06-10T22:39:08Z">
          <reporter-output>
          </reporter-output>
        </test-method> <!-- ValidateLogOut -->
        <test-method status="PASS" signature="ValidateInvalidPassword()[pri:22, instance:smokeTest.ValidateSmokeTest@4b5a5ed1]" name="ValidateInvalidPassword" duration-ms="6281" started-at="2019-06-10T22:39:08Z" depends-on-methods="smokeTest.ValidateSmokeTest.ValidateLogin" finished-at="2019-06-10T22:39:14Z">
          <reporter-output>
          </reporter-output>
        </test-method> <!-- ValidateInvalidPassword -->
        <test-method status="FAIL" signature="ValidateInvaliduser3Times()[pri:23, instance:smokeTest.ValidateSmokeTest@4b5a5ed1]" name="ValidateInvaliduser3Times" duration-ms="5019" started-at="2019-06-10T22:39:14Z" depends-on-methods="smokeTest.ValidateSmokeTest.ValidateLogin" finished-at="2019-06-10T22:39:19Z">
          <exception class="java.lang.AssertionError">
            <message>
              <![CDATA[Username field is not appearing on the Login Page expected [true] but found [false]]]>
            </message>
            <full-stacktrace>
              <![CDATA[java.lang.AssertionError: Username field is not appearing on the Login Page expected [true] but found [false]at org.testng.Assert.fail(Assert.java:96)at org.testng.Assert.failNotEquals(Assert.java:776)at org.testng.Assert.assertEqualsImpl(Assert.java:137)at org.testng.Assert.assertEquals(Assert.java:118)at org.testng.Assert.assertEquals(Assert.java:568)at smokeTest.ValidateSmokeTest.ValidateInvaliduser3Times(ValidateSmokeTest.java:1539)at sun.reflect.NativeMethodAccessorImpl.invoke0(Native Method)at sun.reflect.NativeMethodAccessorImpl.invoke(Unknown Source)at sun.reflect.DelegatingMethodAccessorImpl.invoke(Unknown Source)at java.lang.reflect.Method.invoke(Unknown Source)at org.testng.internal.MethodInvocationHelper.invokeMethod(MethodInvocationHelper.java:124)at org.testng.internal.Invoker.invokeMethod(Invoker.java:571)at org.testng.internal.Invoker.invokeTestMethod(Invoker.java:707)at org.testng.internal.Invoker.invokeTestMethods(Invoker.java:979)at org.testng.internal.TestMethodWorker.invokeTestMethods(TestMethodWorker.java:125)at org.testng.internal.TestMethodWorker.run(TestMethodWorker.java:109)at org.testng.TestRunner.privateRun(TestRunner.java:648)at org.testng.TestRunner.run(TestRunner.java:505)at org.testng.SuiteRunner.runTest(SuiteRunner.java:455)at org.testng.SuiteRunner.runSequentially(SuiteRunner.java:450)at org.testng.SuiteRunner.privateRun(SuiteRunner.java:415)at org.testng.SuiteRunner.run(SuiteRunner.java:364)at org.testng.SuiteRunnerWorker.runSuite(SuiteRunnerWorker.java:52)at org.testng.SuiteRunnerWorker.run(SuiteRunnerWorker.java:84)at org.testng.TestNG.runSuitesSequentially(TestNG.java:1187)at org.testng.TestNG.runSuitesLocally(TestNG.java:1116)at org.testng.TestNG.runSuites(TestNG.java:1028)at org.testng.TestNG.run(TestNG.java:996)at org.testng.remote.AbstractRemoteTestNG.run(AbstractRemoteTestNG.java:114)at org.testng.remote.RemoteTestNG.initAndRun(RemoteTestNG.java:251)at org.testng.remote.RemoteTestNG.main(RemoteTestNG.java:77)]]>
            </full-stacktrace>
          </exception> <!-- java.lang.AssertionError -->
          <reporter-output>
          </reporter-output>
        </test-method> <!-- ValidateInvaliduser3Times -->
        <test-method status="FAIL" signature="ValidateLockedUser()[pri:24, instance:smokeTest.ValidateSmokeTest@4b5a5ed1]" name="ValidateLockedUser" duration-ms="40602" started-at="2019-06-10T22:39:19Z" depends-on-methods="smokeTest.ValidateSmokeTest.ValidateLogin" finished-at="2019-06-10T22:40:00Z">
          <exception class="org.openqa.selenium.NoSuchElementException">
            <message>
              <![CDATA[no such element: Unable to locate element: {"method":"xpath","selector":"//div[@class='alert alert-danger ccp-alert-danger']"}  (Session info: chrome=74.0.3729.169)  (Driver info: chromedriver=2.36.540470 (e522d04694c7ebea4ba8821272dbef4f9b818c91),platform=Windows NT 10.0.17134 x86_64) (WARNING: The server did not provide any stacktrace information)Command duration or timeout: 0 millisecondsFor documentation on this error, please visit: http://seleniumhq.org/exceptions/no_such_element.htmlBuild info: version: '3.8.1', revision: '6e95a6684b', time: '2017-12-01T18:33:54.468Z'System info: host: 'DESKTOP-B75F35K', ip: '192.168.14.216', os.name: 'Windows 10', os.arch: 'amd64', os.version: '10.0', java.version: '1.8.0_171'Driver info: org.openqa.selenium.chrome.ChromeDriverCapabilities {acceptInsecureCerts: false, acceptSslCerts: false, applicationCacheEnabled: false, browserConnectionEnabled: false, browserName: chrome, chrome: {chromedriverVersion: 2.36.540470 (e522d04694c7eb..., userDataDir: C:\Users\bilaw\AppData\Loca...}, cssSelectorsEnabled: true, databaseEnabled: false, handlesAlerts: true, hasTouchScreen: false, javascriptEnabled: true, locationContextEnabled: true, mobileEmulationEnabled: false, nativeEvents: true, networkConnectionEnabled: false, pageLoadStrategy: normal, platform: XP, platformName: XP, rotatable: false, setWindowRect: true, takesHeapSnapshot: true, takesScreenshot: true, unexpectedAlertBehaviour: , unhandledPromptBehavior: , version: 74.0.3729.169, webStorageEnabled: true}Session ID: e8990af0517455da8d9158054619bbed*** Element info: {Using=xpath, value=//div[@class='alert alert-danger ccp-alert-danger']}]]>
            </message>
            <full-stacktrace>
              <![CDATA[org.openqa.selenium.NoSuchElementException: no such element: Unable to locate element: {"method":"xpath","selector":"//div[@class='alert alert-danger ccp-alert-danger']"}  (Session info: chrome=74.0.3729.169)  (Driver info: chromedriver=2.36.540470 (e522d04694c7ebea4ba8821272dbef4f9b818c91),platform=Windows NT 10.0.17134 x86_64) (WARNING: The server did not provide any stacktrace information)Command duration or timeout: 0 millisecondsFor documentation on this error, please visit: http://seleniumhq.org/exceptions/no_such_element.htmlBuild info: version: '3.8.1', revision: '6e95a6684b', time: '2017-12-01T18:33:54.468Z'System info: host: 'DESKTOP-B75F35K', ip: '192.168.14.216', os.name: 'Windows 10', os.arch: 'amd64', os.version: '10.0', java.version: '1.8.0_171'Driver info: org.openqa.selenium.chrome.ChromeDriverCapabilities {acceptInsecureCerts: false, acceptSslCerts: false, applicationCacheEnabled: false, browserConnectionEnabled: false, browserName: chrome, chrome: {chromedriverVersion: 2.36.540470 (e522d04694c7eb..., userDataDir: C:\Users\bilaw\AppData\Loca...}, cssSelectorsEnabled: true, databaseEnabled: false, handlesAlerts: true, hasTouchScreen: false, javascriptEnabled: true, locationContextEnabled: true, mobileEmulationEnabled: false, nativeEvents: true, networkConnectionEnabled: false, pageLoadStrategy: normal, platform: XP, platformName: XP, rotatable: false, setWindowRect: true, takesHeapSnapshot: true, takesScreenshot: true, unexpectedAlertBehaviour: , unhandledPromptBehavior: , version: 74.0.3729.169, webStorageEnabled: true}Session ID: e8990af0517455da8d9158054619bbed*** Element info: {Using=xpath, value=//div[@class='alert alert-danger ccp-alert-danger']}at sun.reflect.NativeConstructorAccessorImpl.newInstance0(Native Method)at sun.reflect.NativeConstructorAccessorImpl.newInstance(Unknown Source)at sun.reflect.DelegatingConstructorAccessorImpl.newInstance(Unknown Source)at java.lang.reflect.Constructor.newInstance(Unknown Source)at org.openqa.selenium.remote.ErrorHandler.createThrowable(ErrorHandler.java:214)at org.openqa.selenium.remote.ErrorHandler.throwIfResponseFailed(ErrorHandler.java:166)at org.openqa.selenium.remote.http.JsonHttpResponseCodec.reconstructValue(JsonHttpResponseCodec.java:40)at org.openqa.selenium.remote.http.AbstractHttpResponseCodec.decode(AbstractHttpResponseCodec.java:80)at org.openqa.selenium.remote.http.AbstractHttpResponseCodec.decode(AbstractHttpResponseCodec.java:44)at org.openqa.selenium.remote.HttpCommandExecutor.execute(HttpCommandExecutor.java:164)at org.openqa.selenium.remote.service.DriverCommandExecutor.execute(DriverCommandExecutor.java:83)at org.openqa.selenium.remote.RemoteWebDriver.execute(RemoteWebDriver.java:601)at org.openqa.selenium.remote.RemoteWebDriver.findElement(RemoteWebDriver.java:371)at org.openqa.selenium.remote.RemoteWebDriver.findElementByXPath(RemoteWebDriver.java:473)at org.openqa.selenium.By$ByXPath.findElement(By.java:361)at org.openqa.selenium.remote.RemoteWebDriver.findElement(RemoteWebDriver.java:363)at pageObjects.LoginPage.getIncorrect_Credentials(LoginPage.java:57)at smokeTest.ValidateSmokeTest.ValidateLockedUser(ValidateSmokeTest.java:1599)at sun.reflect.NativeMethodAccessorImpl.invoke0(Native Method)at sun.reflect.NativeMethodAccessorImpl.invoke(Unknown Source)at sun.reflect.DelegatingMethodAccessorImpl.invoke(Unknown Source)at java.lang.reflect.Method.invoke(Unknown Source)at org.testng.internal.MethodInvocationHelper.invokeMethod(MethodInvocationHelper.java:124)at org.testng.internal.Invoker.invokeMethod(Invoker.java:571)at org.testng.internal.Invoker.invokeTestMethod(Invoker.java:707)at org.testng.internal.Invoker.invokeTestMethods(Invoker.java:979)at org.testng.internal.TestMethodWorker.invokeTestMethods(TestMethodWorker.java:125)at org.testng.internal.TestMethodWorker.run(TestMethodWorker.java:109)at org.testng.TestRunner.privateRun(TestRunner.java:648)at org.testng.TestRunner.run(TestRunner.java:505)at org.testng.SuiteRunner.runTest(SuiteRunner.java:455)at org.testng.SuiteRunner.runSequentially(SuiteRunner.java:450)at org.testng.SuiteRunner.privateRun(SuiteRunner.java:415)at org.testng.SuiteRunner.run(SuiteRunner.java:364)at org.testng.SuiteRunnerWorker.runSuite(SuiteRunnerWorker.java:52)at org.testng.SuiteRunnerWorker.run(SuiteRunnerWorker.java:84)at org.testng.TestNG.runSuitesSequentially(TestNG.java:1187)at org.testng.TestNG.runSuitesLocally(TestNG.java:1116)at org.testng.TestNG.runSuites(TestNG.java:1028)at org.testng.TestNG.run(TestNG.java:996)at org.testng.remote.AbstractRemoteTestNG.run(AbstractRemoteTestNG.java:114)at org.testng.remote.RemoteTestNG.initAndRun(RemoteTestNG.java:251)at org.testng.remote.RemoteTestNG.main(RemoteTestNG.java:77)]]>
            </full-stacktrace>
          </exception> <!-- org.openqa.selenium.NoSuchElementException -->
          <reporter-output>
          </reporter-output>
        </test-method> <!-- ValidateLockedUser -->
        <test-method status="PASS" signature="ValidateForgetPassword()[pri:25, instance:smokeTest.ValidateSmokeTest@4b5a5ed1]" name="ValidateForgetPassword" duration-ms="25255" started-at="2019-06-10T22:40:00Z" depends-on-methods="smokeTest.ValidateSmokeTest.ValidateLogin" finished-at="2019-06-10T22:40:25Z">
          <reporter-output>
          </reporter-output>
        </test-method> <!-- ValidateForgetPassword -->
      </class> <!-- smokeTest.ValidateSmokeTest -->
    </test> <!-- Default test -->
  </suite> <!-- Default suite -->
</testng-results>
